<?xml version="1.0" encoding="UTF-8"?>
<testng-results ignored="0" total="1" passed="1" failed="0" skipped="0">
  <reporter-output>
    <line>
      <![CDATA[View session at: https://portal.kobiton.com/sessions/3194826]]>
    </line>
  </reporter-output>
  <suite started-at="2021-09-17T13:54:30 EDT" name="Kobiton Test Suite" finished-at="2021-09-17T13:56:42 EDT" duration-ms="131462">
    <groups>
    </groups>
    <test started-at="2021-09-17T13:54:30 EDT" name="TestApp" finished-at="2021-09-17T13:56:42 EDT" duration-ms="131462">
      <class name="com.kobiton.scriptlessautomation.TestSuite">
        <test-method signature="testOnGalaxyS8PayloadAndroid9()[pri:0, instance:com.kobiton.scriptlessautomation.TestSuite@e50a6f6]" started-at="2021-09-17T13:54:31 EDT" name="testOnGalaxyS8PayloadAndroid9" finished-at="2021-09-17T13:56:42 EDT" duration-ms="131432" status="PASS">
          <reporter-output>
            <line>
              <![CDATA[View session at: https://portal.kobiton.com/sessions/3194826]]>
            </line>
          </reporter-output>
        </test-method> <!-- testOnGalaxyS8PayloadAndroid9 -->
      </class> <!-- com.kobiton.scriptlessautomation.TestSuite -->
    </test> <!-- TestApp -->
  </suite> <!-- Kobiton Test Suite -->
</testng-results>
