<?xml version="1.0" encoding="UTF-8"?>
<testsuite xmlns:xsi="http://www.w3.org/2001/XMLSchema-instance" xsi:noNamespaceSchemaLocation="https://maven.apache.org/surefire/maven-surefire-plugin/xsd/surefire-test-report-3.0.xsd" version="3.0" name="TestSuite" time="132.355" tests="1" errors="0" skipped="0" failures="0">
  <properties>
[...]
</properties>
  <testcase name="testOnGalaxyS8PayloadAndroid9" classname="com.kobiton.scriptlessautomation.TestSuite" time="131.435">
    <system-out><![CDATA[Is device (name: *, platform: 9) online, retrying at 1st time?
Device found: Galaxy S9+ - 9
Find element by: By.xpath: /hierarchy/android.widget.FrameLayout/android.view.ViewGroup[2]/androidx.viewpager.widget.ViewPager/androidx.recyclerview.widget.RecyclerView/android.widget.LinearLayout[2]
Touch on element null at relative point (0.17963 0.63492)
Touch at point (194, 850)
Find element by: By.xpath: /hierarchy/android.widget.FrameLayout/android.view.ViewGroup[2]/android.widget.ScrollView/androidx.recyclerview.widget.RecyclerView/android.widget.LinearLayout[2]
Touch on element null at relative point (0.16944 0.51429)
Touch at point (182, 717)
Find element by: By.xpath: /hierarchy/android.widget.FrameLayout/android.view.ViewGroup/android.view.ViewGroup/androidx.viewpager.widget.ViewPager/androidx.recyclerview.widget.RecyclerView/android.view.ViewGroup[2]
Touch on element null at relative point (0.49085 0.32813)
Touch at point (536, 510)
Find element by: By.AccessibilityId: My Order tab 5 of 5
Touch on element My Order tab 5 of 5 at relative point (0.56019 0.41071)
Touch at point (985, 1976)
Press on HOME key
]]></system-out>
    <system-err><![CDATA[Sep 17, 2021 1:55:34 PM io.appium.java_client.remote.AppiumCommandExecutor$1 lambda$0
INFO: Detected dialect: W3C
]]></system-err>
  </testcase>
</testsuite>